#
# There is insufficient memory for the Java Runtime Environment to continue.
# Native memory allocation (mmap) failed to map 1073741824 bytes for Failed to commit area from 0x0000000080c00000 to 0x00000000c0c00000 of length 1073741824.
# Possible reasons:
#   The system is out of physical RAM or swap space
#   The process is running with CompressedOops enabled, and the Java Heap may be blocking the growth of the native heap
# Possible solutions:
#   Reduce memory load on the system
#   Increase physical memory or swap space
#   Check if swap backing store is full
#   Decrease Java heap size (-Xmx/-Xms)
#   Decrease number of Java threads
#   Decrease Java thread stack sizes (-Xss)
#   Set larger code cache with -XX:ReservedCodeCacheSize=
# This output file may be truncated or incomplete.
#
#  Out of Memory Error (./src/hotspot/os/windows/os_windows.cpp:3303), pid=68068, tid=66956
#
# JRE version:  (11.0.9.1+11) (build )
# Java VM: OpenJDK 64-Bit Server VM (11.0.9.1+11-b1145.77, mixed mode, sharing, tiered, compressed oops, g1 gc, windows-amd64)
# No core dump will be written. Minidumps are not enabled by default on client versions of Windows
#

---------------  S U M M A R Y ------------

Command Line: -Djava.rmi.server.hostname=127.0.0.1 -Duser.timezone=UTC -Xmx2036m -Xms1024m -Dfile.encoding=UTF-8 com.intellij.database.remote.RemoteJdbcServer com.mysql.cj.jdbc.Driver

Host: Intel(R) Core(TM) i5-10200H CPU @ 2.40GHz, 8 cores, 15G,  Windows 10 , 64 bit Build 19041 (10.0.19041.1889)
Time: Wed Nov  9 16:31:07 2022 中国标准时间 elapsed time: 0.020307 seconds (0d 0h 0m 0s)

---------------  T H R E A D  ---------------

Current thread (0x0000025da314f000):  JavaThread "Unknown thread" [_thread_in_vm, id=66956, stack(0x000000e037500000,0x000000e037600000)]

Stack: [0x000000e037500000,0x000000e037600000]
Native frames: (J=compiled Java code, j=interpreted, Vv=VM code, C=native code)
V  [jvm.dll+0x5edd9a]
V  [jvm.dll+0x7229c5]
V  [jvm.dll+0x723f1d]
V  [jvm.dll+0x7245d3]
V  [jvm.dll+0x2431b8]
V  [jvm.dll+0x5eb234]
V  [jvm.dll+0x5e0325]
V  [jvm.dll+0x2fe60b]
V  [jvm.dll+0x2fe57a]
V  [jvm.dll+0x2fe452]
V  [jvm.dll+0x303346]
V  [jvm.dll+0x34ba83]
V  [jvm.dll+0x34c186]
V  [jvm.dll+0x34bb83]
V  [jvm.dll+0x2d9218]
V  [jvm.dll+0x2da3c7]
V  [jvm.dll+0x701a67]
V  [jvm.dll+0x70325c]
V  [jvm.dll+0x359049]
V  [jvm.dll+0x6e552e]
V  [jvm.dll+0x3c1353]
V  [jvm.dll+0x3c3571]
C  [jli.dll+0x5373]
C  [ucrtbase.dll+0x21bb2]
C  [KERNEL32.DLL+0x17034]
C  [ntdll.dll+0x526a1]


---------------  P R O C E S S  ---------------

Threads class SMR info:
_java_thread_list=0x0000025da10b0250, length=0, elements={
}

Java Threads: ( => current thread )

Other Threads:
  0x0000025da3165800 GCTaskThread "GC Thread#0" [stack: 0x000000e037600000,0x000000e037700000] [id=63660]
  0x0000025da3197800 ConcurrentGCThread "G1 Main Marker" [stack: 0x000000e037700000,0x000000e037800000] [id=65556]
  0x0000025da3199000 ConcurrentGCThread "G1 Conc#0" [stack: 0x000000e037800000,0x000000e037900000] [id=68148]

[error occurred during error reporting (printing all threads), id 0xc0000005, EXCEPTION_ACCESS_VIOLATION (0xc0000005) at pc=0x00007ffd4c629807]

VM state:not at safepoint (not fully initialized)

VM Mutex/Monitor currently owned by a thread:  ([mutex/lock_event])
[0x0000025da314d520] Heap_lock - owner thread: 0x0000025da314f000

Heap address: 0x0000000080c00000, size: 2036 MB, Compressed Oops mode: Non-zero based: 0x0000000080c00000
Narrow klass base: 0x0000000000000000, Narrow klass shift: 0

GC Heap History (0 events):
No events

Deoptimization events (0 events):
No events

Classes redefined (0 events):
No events

Internal exceptions (0 events):
No events

Events (1 events):
Event: 0.014 Loaded shared library E:\IntelliJ IDEA\jbr\bin\zip.dll


Dynamic libraries:
0x00007ff6023a0000 - 0x00007ff6023aa000 	E:\IntelliJ IDEA\jbr\bin\java.exe
0x00007ffdcc750000 - 0x00007ffdcc948000 	C:\Windows\SYSTEM32\ntdll.dll
0x00007ffdcb2b0000 - 0x00007ffdcb36d000 	C:\Windows\System32\KERNEL32.DLL
0x00007ffdca2a0000 - 0x00007ffdca572000 	C:\Windows\System32\KERNELBASE.dll
0x00007ffdca130000 - 0x00007ffdca230000 	C:\Windows\System32\ucrtbase.dll
0x00007ffda8270000 - 0x00007ffda8289000 	E:\IntelliJ IDEA\jbr\bin\jli.dll
0x00007ffda9c90000 - 0x00007ffda9ca7000 	E:\IntelliJ IDEA\jbr\bin\VCRUNTIME140.dll
0x00007ffdcbcd0000 - 0x00007ffdcbe6d000 	C:\Windows\System32\USER32.dll
0x00007ffdc9fa0000 - 0x00007ffdc9fc2000 	C:\Windows\System32\win32u.dll
0x00007ffdca9f0000 - 0x00007ffdcaa1b000 	C:\Windows\System32\GDI32.dll
0x00007ffdc9fd0000 - 0x00007ffdca0df000 	C:\Windows\System32\gdi32full.dll
0x00007ffdca710000 - 0x00007ffdca7ad000 	C:\Windows\System32\msvcp_win.dll
0x00007ffdb4930000 - 0x00007ffdb4bca000 	C:\Windows\WinSxS\amd64_microsoft.windows.common-controls_6595b64144ccf1df_6.0.19041.1110_none_60b5254171f9507e\COMCTL32.dll
0x00007ffdcc670000 - 0x00007ffdcc70e000 	C:\Windows\System32\msvcrt.dll
0x00007ffdcb1f0000 - 0x00007ffdcb220000 	C:\Windows\System32\IMM32.DLL
0x00007ffd75c60000 - 0x00007ffd75cfd000 	E:\IntelliJ IDEA\jbr\bin\msvcp140.dll
0x00007ffd4c340000 - 0x00007ffd4ce0e000 	E:\IntelliJ IDEA\jbr\bin\server\jvm.dll
0x00007ffdcabb0000 - 0x00007ffdcac5e000 	C:\Windows\System32\ADVAPI32.dll
0x00007ffdcbe70000 - 0x00007ffdcbf0c000 	C:\Windows\System32\sechost.dll
0x00007ffdca7b0000 - 0x00007ffdca8d5000 	C:\Windows\System32\RPCRT4.dll
0x00007ffdcae20000 - 0x00007ffdcae28000 	C:\Windows\System32\PSAPI.DLL
0x00007ffdc2b50000 - 0x00007ffdc2b59000 	C:\Windows\SYSTEM32\WSOCK32.dll
0x00007ffdbe170000 - 0x00007ffdbe197000 	C:\Windows\SYSTEM32\WINMM.dll
0x00007ffdc1740000 - 0x00007ffdc174a000 	C:\Windows\SYSTEM32\VERSION.dll
0x00007ffdcace0000 - 0x00007ffdcad4b000 	C:\Windows\System32\WS2_32.dll
0x00007ffdc86b0000 - 0x00007ffdc86c2000 	C:\Windows\SYSTEM32\kernel.appcore.dll
0x00007ffdc2340000 - 0x00007ffdc2351000 	E:\IntelliJ IDEA\jbr\bin\verify.dll
0x00007ffdc7ad0000 - 0x00007ffdc7cb4000 	C:\Windows\SYSTEM32\DBGHELP.DLL
0x00007ffdb2dc0000 - 0x00007ffdb2dec000 	C:\Windows\SYSTEM32\dbgcore.DLL
0x00007ffdc9e60000 - 0x00007ffdc9ee2000 	C:\Windows\System32\bcryptPrimitives.dll
0x00007ffda5d20000 - 0x00007ffda5d49000 	E:\IntelliJ IDEA\jbr\bin\java.dll
0x00007ffdc4740000 - 0x00007ffdc474b000 	E:\IntelliJ IDEA\jbr\bin\jimage.dll
0x00007ffda8020000 - 0x00007ffda8038000 	E:\IntelliJ IDEA\jbr\bin\zip.dll

dbghelp: loaded successfully - version: 4.0.5 - missing functions: none
symbol engine: initialized successfully - sym options: 0x614 - pdb path: .;E:\IntelliJ IDEA\jbr\bin;C:\Windows\SYSTEM32;C:\Windows\WinSxS\amd64_microsoft.windows.common-controls_6595b64144ccf1df_6.0.19041.1110_none_60b5254171f9507e;E:\IntelliJ IDEA\jbr\bin\server

VM Arguments:
jvm_args: -Djava.rmi.server.hostname=127.0.0.1 -Duser.timezone=UTC -Xmx2036m -Xms1024m -Dfile.encoding=UTF-8 
java_command: com.intellij.database.remote.RemoteJdbcServer com.mysql.cj.jdbc.Driver
java_class_path (initial): E:\IntelliJ IDEA\lib\util.jar;E:\IntelliJ IDEA\lib\trove4j.jar;E:\IntelliJ IDEA\lib\groovy-2.5.11.jar;E:\IntelliJ IDEA\plugins\DatabaseTools\lib\jdbc-console.jar;C:\Users\ljx\AppData\Roaming\JetBrains\IntelliJIdea2020.3\jdbc-drivers\MySQL ConnectorJ\8.0.25\mysql-connector-java-8.0.25.jar
Launcher Type: SUN_STANDARD

[Global flags]
     intx CICompilerCount                          = 4                                         {product} {ergonomic}
     uint ConcGCThreads                            = 2                                         {product} {ergonomic}
     uint G1ConcRefinementThreads                  = 8                                         {product} {ergonomic}
   size_t G1HeapRegionSize                         = 1048576                                   {product} {ergonomic}
    uintx GCDrainStackTargetSize                   = 64                                        {product} {ergonomic}
   size_t InitialHeapSize                          = 1073741824                                {product} {command line}
   size_t MarkStackSize                            = 4194304                                   {product} {ergonomic}
   size_t MaxHeapSize                              = 2134900736                                {product} {command line}
   size_t MinHeapDeltaBytes                        = 1048576                                   {product} {ergonomic}
    uintx NonNMethodCodeHeapSize                   = 5836300                                {pd product} {ergonomic}
    uintx NonProfiledCodeHeapSize                  = 122910970                              {pd product} {ergonomic}
    uintx ProfiledCodeHeapSize                     = 122910970                              {pd product} {ergonomic}
    uintx ReservedCodeCacheSize                    = 251658240                              {pd product} {ergonomic}
     bool SegmentedCodeCache                       = true                                      {product} {ergonomic}
     bool UseCompressedClassPointers               = true                                 {lp64_product} {ergonomic}
     bool UseCompressedOops                        = true                                 {lp64_product} {ergonomic}
     bool UseG1GC                                  = true                                      {product} {ergonomic}
     bool UseLargePagesIndividualAllocation        = false                                  {pd product} {ergonomic}

Logging:
Log output configuration:
 #0: stdout all=warning uptime,level,tags
 #1: stderr all=off uptime,level,tags

Environment Variables:
JAVA_HOME=E:\jdk\jdk-15
CLASSPATH=.;E:\jdk\jdk-15\bin;E:\jdk\jdk-15\lib\dt.jar;E:\jdk\jdk-15\lib\tools.jar
PATH=D:\COPASI 4.33.246\bin;E:\Anaconda;E:\Anaconda\Library\mingw-w64\bin;E:\Anaconda\Library\usr\bin;E:\Anaconda\Library\bin;E:\Anaconda\Scripts;C:\Windows\system32;C:\Windows;C:\Windows\System32\Wbem;C:\Windows\System32\WindowsPowerShell\v1.0\;C:\Windows\System32\OpenSSH\;C:\Program Files (x86)\NVIDIA Corporation\PhysX\Common;C:\Program Files\NVIDIA Corporation\NVIDIA NvDLISR;E:\jdk\jdk-15\bin;E:\jdk\jdk-15\jre\bin;E:\mysql\mysql-8.0.22-winx64\bin;%path%;E:\mingw64\bin;E:\Graphviz\bin;D:\Google\Chrome\Application;D:\Rational\common\;E:\Nodejs\;D:\Tesseract-OCR\tessdata;D:\Git LFS;E:\apache-maven-3.8.3\bin;E:\apache-tomcat-9.0.54\lib;E:\apache-tomcat-9.0.54\lib\servlet-api.jar;E:\apache-tomcat-9.0.54\lib\jsp-api.jar;E:\python\Scripts\;E:\python\;C:\Users\ljx\AppData\Local\Microsoft\WindowsApps;E:\IntelliJ IDEA Community Edition 2020.2.2\bin;;D:\COPASI 4.33.246\bin;E:\Anaconda;E:\Anaconda\Library\mingw-w64\bin;E:\Anaconda\Library\usr\bin;E:\Anaconda\Library\bin;E:\Anaconda\Scripts;C:\Windows\system32;C:\Windows;C:\Windows\System32\Wbem;C:\Windows\System32\WindowsPowerShell\v1.0\;C:\Windows\System32\OpenSSH\;C:\Program Files (x86)\NVIDIA Corporation\PhysX\Common;C:\Program Files\NVIDIA Corporation\NVIDIA NvDLISR;E:\jdk\jdk-15\bin;E:\jdk\jdk-15\jre\bin;E:\mysql\mysql-8.0.22-winx64\bin;%path%;E:\mingw64\bin;E:\Graphviz\bin;D:\Google\Chrome\Application;D:\Rational\common\;E:\Nodejs\;D:\Tesseract-OCR\tessdata;D:\Git LFS;E:\apache-maven-3.8.3\bin;E:\apache-tomcat-9.0.54\lib;E:\apache-tomcat-9.0.54\lib\servlet-api.jar;E:\apache-tomcat-9.0.54\lib\jsp-api.jar;;C:\Users\ljx\AppData\Roaming\npm;D:\Tesseract-OCR;
USERNAME=ljx
LANG=zh_CN.UTF-8
OS=Windows_NT
PROCESSOR_IDENTIFIER=Intel64 Family 6 Model 165 Stepping 2, GenuineIntel



---------------  S Y S T E M  ---------------

OS: Windows 10 , 64 bit Build 19041 (10.0.19041.1889)
OS uptime: 6 days 18:28 hours

CPU:total 8 (initial active 8) (4 cores per cpu, 2 threads per core) family 6 model 165 stepping 2, cmov, cx8, fxsr, mmx, sse, sse2, sse3, ssse3, sse4.1, sse4.2, popcnt, avx, avx2, aes, clmul, erms, 3dnowpref, lzcnt, ht, tsc, tscinvbit, bmi1, bmi2, adx, fma

Memory: 4k page, system-wide physical 16291M (2999M free)
TotalPageFile size 32380M (AvailPageFile size 1009M)
current process WorkingSet (physical memory assigned to process): 10M, peak: 10M
current process commit charge ("private bytes"): 60M, peak: 1083M

vm_info: OpenJDK 64-Bit Server VM (11.0.9.1+11-b1145.77) for windows-amd64 JRE (11.0.9.1+11-b1145.77), built on Jan 16 2021 05:14:13 by "" with MS VC++ 14.0 (VS2015)

END.
